<?xml version="1.0" encoding="UTF-8"?>
<coverage generated="1530271577917" clover="3.2.0">
  <project timestamp="1530271577917" name="All files">
    <metrics statements="4" coveredstatements="2" conditionals="0" coveredconditionals="0" methods="2" coveredmethods="0" elements="6" coveredelements="2" complexity="0" loc="4" ncloc="4" packages="1" files="2" classes="2">
      <file name="index.js" path="/Users/edd/Desktop/tech-develops/src/index.js">
        <metrics statements="2" coveredstatements="1" conditionals="0" coveredconditionals="0" methods="1" coveredmethods="0"/>
        <line num="2" count="0" type="stmt"/>
        <line num="5" count="1" type="stmt"/>
      </file>
      <file name="sum.js" path="/Users/edd/Desktop/tech-develops/src/sum.js">
        <metrics statements="2" coveredstatements="1" conditionals="0" coveredconditionals="0" methods="1" coveredmethods="0"/>
        <line num="2" count="0" type="stmt"/>
        <line num="5" count="1" type="stmt"/>
      </file>
    </metrics>
  </project>
</coverage>
